<?xml version="1.0" encoding="UTF-8"?>
<!-- Generated by org.testng.reporters.JUnitReportReporter -->
<testsuite skipped="0" hostname="Amanm-L" name="com.quovantis.quarcmobile.testcases.M_Directory" tests="1" failures="0" timestamp="22 Sep 2018 08:41:00 GMT" time="33.691" errors="0">
  <testcase name="QuarcMobile_Directory" time="33.691" classname="com.quovantis.quarcmobile.testcases.M_Directory"/>
</testsuite> <!-- com.quovantis.quarcmobile.testcases.M_Directory -->
