<?xml version="1.0" encoding="UTF-8"?>
<!-- Generated by org.testng.reporters.JUnitReportReporter -->
<testsuite hostname="Amanm-L" name="Quarc.Mobile.Quarc_Mobile" tests="1" failures="0" timestamp="19 Jun 2018 05:52:22 GMT" time="9.358" errors="0">
  <testcase name="select" time="9.358" classname="Quarc.Mobile.Quarc_Mobile"/>
</testsuite> <!-- Quarc.Mobile.Quarc_Mobile -->
