<?xml version="1.0" encoding="UTF-8"?>
<!-- Generated by org.testng.reporters.JUnitReportReporter -->
<testsuite skipped="0" hostname="Amanm-L" name="com.quovantis.quarcmobile.testcases.M_Login" tests="1" failures="0" timestamp="22 Sep 2018 08:41:00 GMT" time="56.280" errors="0">
  <testcase name="QuarcMobile_Login" time="56.280" classname="com.quovantis.quarcmobile.testcases.M_Login"/>
</testsuite> <!-- com.quovantis.quarcmobile.testcases.M_Login -->
